  ColorConversion.cpp
E:\AIUB\ColorConversion\ColorConversion.cpp(25,6): warning C4215: nonstandard extension used: long float
E:\AIUB\ColorConversion\ColorConversion.cpp(25,27): warning C4215: nonstandard extension used: long float
E:\AIUB\ColorConversion\ColorConversion.cpp(25,41): warning C4215: nonstandard extension used: long float
E:\AIUB\ColorConversion\ColorConversion.cpp(25,55): warning C4215: nonstandard extension used: long float
E:\AIUB\ColorConversion\ColorConversion.cpp(45,8): warning C4215: nonstandard extension used: long float
E:\AIUB\ColorConversion\ColorConversion.cpp(46,8): warning C4215: nonstandard extension used: long float
E:\AIUB\ColorConversion\ColorConversion.cpp(47,8): warning C4215: nonstandard extension used: long float
E:\AIUB\ColorConversion\ColorConversion.cpp(48,8): warning C4215: nonstandard extension used: long float
E:\AIUB\ColorConversion\ColorConversion.cpp(75,8): warning C4215: nonstandard extension used: long float
E:\AIUB\ColorConversion\ColorConversion.cpp(76,8): warning C4215: nonstandard extension used: long float
E:\AIUB\ColorConversion\ColorConversion.cpp(77,8): warning C4215: nonstandard extension used: long float
E:\AIUB\ColorConversion\ColorConversion.cpp(78,8): warning C4215: nonstandard extension used: long float
E:\AIUB\ColorConversion\ColorConversion.cpp(103,27): warning C4244: '=': conversion from 'float' to 'int', possible loss of data
E:\AIUB\ColorConversion\ColorConversion.cpp(104,27): warning C4244: '=': conversion from 'float' to 'int', possible loss of data
E:\AIUB\ColorConversion\ColorConversion.cpp(105,27): warning C4244: '=': conversion from 'float' to 'int', possible loss of data
E:\AIUB\ColorConversion\ColorConversion.cpp(125,21): warning C4244: '=': conversion from 'double' to 'int', possible loss of data
E:\AIUB\ColorConversion\ColorConversion.cpp(126,21): warning C4244: '=': conversion from 'double' to 'int', possible loss of data
E:\AIUB\ColorConversion\ColorConversion.cpp(127,21): warning C4244: '=': conversion from 'double' to 'int', possible loss of data
  ColorConversion.vcxproj -> E:\AIUB\ColorConversion\Debug\ColorConversion.exe
